app/build/intermediates/manifest_merge_blame_file/release/manifest-merger-blame-release-report.txt
1<?xml version="1.0" encoding="utf-8"?>
2<manifest xmlns:android="http://schemas.android.com/apk/res/android"
3    package="com.anthonyramnarain.loginregisterapp"
4    android:versionCode="1"
5    android:versionName="1.0" >
6
7    <uses-sdk
8        android:minSdkVersion="15"
8-->src\main\AndroidManifest.xml
9        android:targetSdkVersion="29" />
9-->src\main\AndroidManifest.xml
10
11    <uses-permission android:name="android.permission.INTERNET" />
11-->src\main\AndroidManifest.xml:5:5-67
11-->src\main\AndroidManifest.xml:5:22-64
12
13    <!-- ACCESS_NETWORK_STATE is needed to know if we are on 3G, WIFI or disconnected -->
14    <uses-permission android:name="android.permission.ACCESS_NETWORK_STATE" /> <!-- REQUEST_INSTALL_PACKAGES is needed for auto update to work -->
14-->[testfairy:testfairy-android-sdk:1.9.31] AndroidManifest.xml:14:5-16:30
14-->[testfairy:testfairy-android-sdk:1.9.31] AndroidManifest.xml:15:9-63
15    <uses-permission android:name="android.permission.REQUEST_INSTALL_PACKAGES" />
15-->[testfairy:testfairy-android-sdk:1.9.31] AndroidManifest.xml:19:5-21:30
15-->[testfairy:testfairy-android-sdk:1.9.31] AndroidManifest.xml:20:9-67
16
17    <application
17-->src\main\AndroidManifest.xml:7:5-22:19
18        android:allowBackup="true"
18-->src\main\AndroidManifest.xml:8:9-35
19        android:appComponentFactory="androidx.core.app.CoreComponentFactory"
19-->[androidx.core:core:1.0.1] AndroidManifest.xml:22:18-86
20        android:icon="@mipmap/ic_launcher"
20-->src\main\AndroidManifest.xml:9:9-43
21        android:label="@string/app_name"
21-->src\main\AndroidManifest.xml:10:9-41
22        android:roundIcon="@mipmap/ic_launcher_round"
22-->src\main\AndroidManifest.xml:11:9-54
23        android:supportsRtl="true"
23-->src\main\AndroidManifest.xml:12:9-35
24        android:theme="@style/AppTheme" >
24-->src\main\AndroidManifest.xml:13:9-40
25        <activity android:name="com.anthonyramnarain.loginregisterapp.LoginActivity" />
25-->src\main\AndroidManifest.xml:14:9-51
25-->src\main\AndroidManifest.xml:14:19-48
26        <activity android:name="com.anthonyramnarain.loginregisterapp.MainActivity" >
26-->src\main\AndroidManifest.xml:15:9-21:20
26-->src\main\AndroidManifest.xml:15:19-47
27            <intent-filter>
27-->src\main\AndroidManifest.xml:16:13-20:29
28                <action android:name="android.intent.action.MAIN" />
28-->src\main\AndroidManifest.xml:17:17-69
28-->src\main\AndroidManifest.xml:17:25-66
29
30                <category android:name="android.intent.category.LAUNCHER" />
30-->src\main\AndroidManifest.xml:19:17-77
30-->src\main\AndroidManifest.xml:19:27-74
31            </intent-filter>
32        </activity>
33
34        <uses-library
34-->[testfairy:testfairy-android-sdk:1.9.31] AndroidManifest.xml:24:9-26:40
35            android:name="org.apache.http.legacy"
35-->[testfairy:testfairy-android-sdk:1.9.31] AndroidManifest.xml:25:13-50
36            android:required="false" />
36-->[testfairy:testfairy-android-sdk:1.9.31] AndroidManifest.xml:26:13-37
37
38        <activity
38-->[testfairy:testfairy-android-sdk:1.9.31] AndroidManifest.xml:28:9-31:63
39            android:name="com.testfairy.activities.ProvideFeedbackActivity"
39-->[testfairy:testfairy-android-sdk:1.9.31] AndroidManifest.xml:29:13-76
40            android:configChanges="orientation|screenSize"
40-->[testfairy:testfairy-android-sdk:1.9.31] AndroidManifest.xml:30:13-59
41            android:theme="@android:style/Theme.Holo.Light" />
41-->[testfairy:testfairy-android-sdk:1.9.31] AndroidManifest.xml:31:13-60
42        <activity
42-->[testfairy:testfairy-android-sdk:1.9.31] AndroidManifest.xml:32:9-34:62
43            android:name="com.testfairy.activities.AutoUpdateActivity"
43-->[testfairy:testfairy-android-sdk:1.9.31] AndroidManifest.xml:33:13-71
44            android:configChanges="orientation|screenSize" />
44-->[testfairy:testfairy-android-sdk:1.9.31] AndroidManifest.xml:34:13-59
45
46        <provider
46-->[testfairy:testfairy-android-sdk:1.9.31] AndroidManifest.xml:36:9-45:20
47            android:name="com.testfairy.utils.FileProvider"
47-->[testfairy:testfairy-android-sdk:1.9.31] AndroidManifest.xml:37:13-60
48            android:authorities="com.anthonyramnarain.loginregisterapp.authority"
48-->[testfairy:testfairy-android-sdk:1.9.31] AndroidManifest.xml:38:13-61
49            android:exported="false"
49-->[testfairy:testfairy-android-sdk:1.9.31] AndroidManifest.xml:39:13-37
50            android:grantUriPermissions="true" >
50-->[testfairy:testfairy-android-sdk:1.9.31] AndroidManifest.xml:40:13-47
51
52            <!-- <meta-data -->
53            <!-- android:name="android.support.FILE_PROVIDER_PATHS" -->
54            <!-- android:resource="@xml/paths"/> -->
55        </provider>
56    </application>
57
58</manifest>